26-01-2023 16:34:40 - model - ERROR - change_info - Error: incorrect id entered.
26-01-2023 16:34:40 - user_interface - INFO - menu - Start program
26-01-2023 18:26:03 - model - ERROR - change_info - Error: incorrect id entered.
26-01-2023 18:26:13 - model - ERROR - change_info - Error: incorrect id entered.
26-01-2023 18:27:28 - model - ERROR - change_info - Error: incorrect id entered.
26-01-2023 20:35:39 - user_interface - INFO - menu - Start program
26-01-2023 20:41:52 - user_interface - INFO - menu - Start program
26-01-2023 20:49:29 - user_interface - INFO - menu - Start program
26-01-2023 20:55:00 - user_interface - INFO - menu - Start program
26-01-2023 21:00:21 - user_interface - INFO - menu - Start program
26-01-2023 21:00:44 - user_interface - INFO - menu - Start program
26-01-2023 21:00:58 - user_interface - INFO - menu - Start program
26-01-2023 21:02:14 - user_interface - INFO - menu - Start program
26-01-2023 21:02:55 - user_interface - INFO - menu - Start program
26-01-2023 21:03:11 - user_interface - INFO - menu - Start program
26-01-2023 21:03:22 - user_interface - INFO - menu - Start program
26-01-2023 21:03:33 - user_interface - INFO - menu - Start program
26-01-2023 21:03:35 - user_interface - INFO - menu - Stop program
26-01-2023 21:05:20 - user_interface - INFO - menu - Start program
26-01-2023 21:05:27 - user_interface - INFO - menu - Start program
26-01-2023 21:05:32 - user_interface - INFO - menu - Stop program
26-01-2023 21:07:58 - user_interface - INFO - menu - Start program
26-01-2023 21:08:29 - user_interface - INFO - menu - Start program
26-01-2023 21:09:12 - user_interface - INFO - menu - Start program
26-01-2023 21:10:14 - user_interface - INFO - menu - Stop program
26-01-2023 21:21:32 - user_interface - INFO - menu - Start program
26-01-2023 21:22:37 - user_interface - INFO - menu - Start program
26-01-2023 21:22:56 - user_interface - INFO - menu - Start program
26-01-2023 21:30:04 - user_interface - INFO - menu - Start program
26-01-2023 21:33:50 - model - ERROR - change_info - Error: incorrect id entered.
26-01-2023 21:37:55 - user_interface - INFO - menu - Start program
26-01-2023 21:38:01 - user_interface - ERROR - menu - Error: incorrect id entered.
26-01-2023 21:41:11 - user_interface - INFO - menu - Start program
26-01-2023 21:43:09 - user_interface - INFO - menu - Start program
26-01-2023 21:52:10 - user_interface - INFO - menu - Start program
26-01-2023 22:25:10 - user_interface - INFO - menu - Start program
26-01-2023 22:25:38 - user_interface - INFO - menu - Start program
26-01-2023 22:25:43 - user_interface - ERROR - menu - Error: incorrect id entered.
26-01-2023 22:25:48 - user_interface - ERROR - menu - Error: incorrect id entered.
26-01-2023 22:26:23 - user_interface - INFO - menu - Start program
26-01-2023 22:48:50 - user_interface - INFO - menu - Start program
26-01-2023 22:52:48 - user_interface - INFO - menu - Start program
26-01-2023 22:54:04 - user_interface - INFO - menu - Start program
26-01-2023 22:55:09 - user_interface - INFO - menu - Start program
26-01-2023 22:56:17 - user_interface - INFO - menu - Start program
26-01-2023 22:56:52 - user_interface - ERROR - menu - Error: incorrect id entered.
26-01-2023 23:02:37 - user_interface - INFO - menu - Start program
26-01-2023 23:10:58 - user_interface - INFO - menu - Start program
26-01-2023 23:12:06 - user_interface - INFO - menu - Start program
26-01-2023 23:13:03 - user_interface - INFO - menu - Start program
26-01-2023 23:15:10 - user_interface - INFO - menu - Start program
26-01-2023 23:15:52 - user_interface - INFO - menu - Start program
26-01-2023 23:17:13 - user_interface - INFO - menu - Start program
26-01-2023 23:20:02 - user_interface - INFO - menu - Start program
26-01-2023 23:22:16 - user_interface - INFO - menu - Start program
26-01-2023 23:24:41 - user_interface - INFO - menu - Start program
26-01-2023 23:32:08 - user_interface - INFO - menu - Start program
26-01-2023 23:33:38 - user_interface - INFO - menu - Start program
26-01-2023 23:35:16 - user_interface - INFO - menu - Start program
26-01-2023 23:35:46 - user_interface - INFO - menu - Start program
26-01-2023 23:36:21 - user_interface - INFO - menu - Start program
26-01-2023 23:37:14 - user_interface - INFO - menu - Start program
26-01-2023 23:39:09 - user_interface - ERROR - menu - Error: wrong main menu selection
27-01-2023 00:03:58 - user_interface - INFO - menu - Start program
27-01-2023 00:05:31 - user_interface - INFO - menu - Start program
27-01-2023 00:06:06 - user_interface - INFO - menu - Start program
27-01-2023 00:13:42 - user_interface - INFO - menu - Start program
27-01-2023 00:14:10 - user_interface - INFO - menu - Start program
27-01-2023 00:22:03 - user_interface - INFO - menu - Start program
27-01-2023 00:28:49 - user_interface - INFO - menu - Start program
27-01-2023 00:30:21 - user_interface - INFO - menu - Start program
27-01-2023 00:30:35 - user_interface - INFO - menu - Stop program
27-01-2023 00:31:18 - user_interface - INFO - menu - Start program
27-01-2023 00:34:22 - user_interface - INFO - menu - Start program
27-01-2023 08:28:06 - user_interface - INFO - menu - Start program
27-01-2023 08:33:07 - user_interface - INFO - menu - Stop program
27-01-2023 08:34:41 - user_interface - INFO - menu - Start program
27-01-2023 08:34:46 - user_interface - ERROR - menu - Error: incorrect id entered.
27-01-2023 08:34:54 - user_interface - ERROR - menu - Error: incorrect id entered.
27-01-2023 08:35:00 - user_interface - ERROR - menu - Error: incorrect id entered.
27-01-2023 08:35:10 - user_interface - ERROR - menu - Error: wrong main menu selection
27-01-2023 08:35:19 - user_interface - ERROR - menu - Error: incorrect id entered.
27-01-2023 08:35:31 - user_interface - ERROR - menu - Error: wrong main menu selection
27-01-2023 17:41:03 - user_interface - INFO - menu - Start program
27-01-2023 17:41:13 - user_interface - INFO - menu - Stop program
27-01-2023 17:51:49 - user_interface - INFO - menu - Start program
27-01-2023 17:58:29 - user_interface - ERROR - menu - Error: wrong main menu selection
27-01-2023 17:58:45 - user_interface - INFO - menu - Start program
27-01-2023 17:59:56 - user_interface - ERROR - menu - Error: wrong main menu selection
27-01-2023 18:01:37 - user_interface - ERROR - menu - Error: wrong main menu selection
27-01-2023 18:01:48 - user_interface - INFO - menu - Start program
27-01-2023 18:17:46 - user_interface - INFO - menu - Start program
27-01-2023 18:18:17 - user_interface - INFO - menu - Stop program
27-01-2023 18:18:49 - user_interface - INFO - menu - Start program
27-01-2023 18:18:56 - user_interface - INFO - menu - Start program
27-01-2023 18:21:38 - user_interface - INFO - menu - Start program
27-01-2023 18:22:28 - user_interface - ERROR - menu - Error: wrong main menu selection
27-01-2023 18:22:33 - user_interface - INFO - menu - Start program
27-01-2023 18:28:57 - user_interface - INFO - menu - Start program
27-01-2023 18:28:59 - user_interface - INFO - menu - Stop program
27-01-2023 18:31:53 - user_interface - INFO - menu - Start program
27-01-2023 18:31:57 - user_interface - INFO - menu - Stop program
27-01-2023 19:35:45 - user_interface - INFO - menu - Start program
27-01-2023 19:36:31 - user_interface - INFO - menu - Stop program
27-01-2023 20:19:37 - user_interface - INFO - menu - Start program
27-01-2023 20:21:16 - user_interface - INFO - menu - Stop program
27-01-2023 20:21:29 - user_interface - INFO - menu - Start program
27-01-2023 22:40:27 - user_interface - INFO - menu - Start program
27-01-2023 22:47:37 - user_interface - ERROR - menu - Error: wrong main menu selection
27-01-2023 23:22:38 - user_interface - ERROR - menu - Error: wrong main menu selection
27-01-2023 23:29:32 - user_interface - ERROR - menu - Error: wrong main menu selection
28-01-2023 00:30:26 - user_interface - INFO - menu - Start program
28-01-2023 00:33:40 - user_interface - INFO - menu - Start program
28-01-2023 00:34:11 - user_interface - INFO - menu - Start program
28-01-2023 00:34:21 - user_interface - INFO - menu - Stop program
28-01-2023 00:36:07 - user_interface - INFO - menu - Start program
28-01-2023 00:36:13 - user_interface - INFO - menu - Stop program
28-01-2023 00:36:21 - user_interface - INFO - menu - Start program
28-01-2023 00:36:41 - user_interface - INFO - menu - Stop program
28-01-2023 00:36:46 - user_interface - INFO - menu - Start program
28-01-2023 00:37:18 - user_interface - INFO - menu - Stop program
28-01-2023 00:40:36 - user_interface - INFO - menu - Start program
28-01-2023 00:48:23 - user_interface - INFO - menu - Start program
28-01-2023 00:48:28 - user_interface - ERROR - menu - Error: incorrect id entered.
28-01-2023 00:49:11 - user_interface - ERROR - menu - Error: incorrect id entered.
28-01-2023 00:50:36 - user_interface - ERROR - menu - Error: incorrect id entered.
28-01-2023 00:51:10 - user_interface - ERROR - menu - Error: incorrect id entered.
28-01-2023 00:53:35 - user_interface - ERROR - menu - Error: wrong main menu selection
28-01-2023 00:56:40 - user_interface - ERROR - menu - Error: wrong main menu selection
28-01-2023 00:56:56 - user_interface - INFO - menu - Start program
28-01-2023 00:57:39 - user_interface - ERROR - menu - Error: wrong main menu selection
28-01-2023 00:57:46 - user_interface - ERROR - menu - Error: incorrect id entered.
28-01-2023 00:59:18 - user_interface - ERROR - menu - Error: wrong main menu selection
28-01-2023 00:59:25 - user_interface - ERROR - menu - Error: incorrect id entered.
28-01-2023 00:59:37 - user_interface - ERROR - menu - Error: wrong main menu selection
28-01-2023 00:59:42 - user_interface - ERROR - menu - Error: incorrect id entered.
28-01-2023 01:01:18 - user_interface - ERROR - menu - Error: wrong main menu selection
28-01-2023 01:01:24 - user_interface - ERROR - menu - Error: incorrect id entered.
28-01-2023 01:01:58 - user_interface - ERROR - menu - Error: wrong main menu selection
28-01-2023 01:10:34 - user_interface - ERROR - menu - Error: wrong main menu selection
28-01-2023 12:22:28 - user_interface - INFO - menu - Start program
28-01-2023 12:22:41 - user_interface - ERROR - menu - Error: wrong main menu selection
28-01-2023 12:23:00 - user_interface - ERROR - menu - Error: incorrect id entered.
28-01-2023 12:23:22 - user_interface - ERROR - menu - Error: incorrect id entered.
28-01-2023 12:31:05 - user_interface - ERROR - menu - Error: wrong main menu selection
28-01-2023 12:31:13 - user_interface - ERROR - menu - Error: incorrect id entered.
28-01-2023 12:31:35 - user_interface - ERROR - menu - Error: incorrect id entered.
28-01-2023 12:37:35 - user_interface - ERROR - menu - Error: wrong main menu selection
28-01-2023 12:37:41 - user_interface - ERROR - menu - Error: incorrect id entered.
28-01-2023 12:37:52 - user_interface - ERROR - menu - Error: incorrect id entered.
28-01-2023 12:40:46 - user_interface - ERROR - menu - Error: wrong main menu selection
28-01-2023 12:40:55 - user_interface - ERROR - menu - Error: incorrect id entered.
28-01-2023 12:41:18 - user_interface - ERROR - menu - Error: incorrect id entered.
28-01-2023 12:47:16 - user_interface - ERROR - menu - Error: wrong main menu selection
28-01-2023 12:47:26 - user_interface - ERROR - menu - Error: incorrect id entered.
28-01-2023 12:48:26 - user_interface - ERROR - menu - Error: wrong main menu selection
28-01-2023 12:48:36 - user_interface - ERROR - menu - Error: incorrect id entered.
28-01-2023 12:53:08 - user_interface - ERROR - menu - Error: wrong main menu selection
28-01-2023 12:53:17 - user_interface - ERROR - menu - Error: wrong main menu selection
28-01-2023 12:53:26 - user_interface - ERROR - menu - Error: incorrect id entered.
28-01-2023 13:02:09 - user_interface - ERROR - menu - Error: wrong main menu selection
28-01-2023 13:02:11 - user_interface - ERROR - menu - Error: wrong main menu selection
28-01-2023 13:02:22 - user_interface - ERROR - menu - Error: incorrect id entered.
28-01-2023 13:02:51 - user_interface - ERROR - menu - Error: wrong main menu selection
28-01-2023 13:03:00 - user_interface - ERROR - menu - Error: incorrect id entered.
28-01-2023 13:06:56 - user_interface - ERROR - menu - Error: wrong main menu selection
28-01-2023 13:10:21 - user_interface - ERROR - menu - Error: wrong main menu selection
28-01-2023 13:10:26 - user_interface - ERROR - menu - Error: incorrect id entered.
28-01-2023 13:13:42 - user_interface - INFO - menu - Start program
28-01-2023 13:14:00 - user_interface - INFO - menu - Stop program
28-01-2023 13:14:09 - user_interface - INFO - menu - Stop program
28-01-2023 13:15:16 - user_interface - INFO - menu - Start program
28-01-2023 13:16:00 - user_interface - ERROR - menu - Error: incorrect id entered.
28-01-2023 13:31:34 - user_interface - ERROR - menu - Error: wrong main menu selection
28-01-2023 13:32:21 - user_interface - ERROR - menu - Error: wrong submenu selection
28-01-2023 13:35:04 - user_interface - ERROR - menu - Error: wrong main menu selection
28-01-2023 13:36:24 - user_interface - ERROR - menu - Error: incorrect id entered.
28-01-2023 13:40:38 - user_interface - INFO - menu - Start program
28-01-2023 13:41:07 - user_interface - ERROR - menu - Error: incorrect id entered.
28-01-2023 13:46:38 - user_interface - INFO - menu - Start program
28-01-2023 13:46:51 - user_interface - ERROR - menu - Error: incorrect id entered.
28-01-2023 13:48:42 - user_interface - INFO - menu - Start program
28-01-2023 13:48:57 - user_interface - ERROR - menu - Error: incorrect id entered.
28-01-2023 13:55:24 - user_interface - INFO - menu - Start program
28-01-2023 13:55:31 - user_interface - ERROR - menu - Error: incorrect id entered.
28-01-2023 13:58:39 - user_interface - INFO - menu - Start program
28-01-2023 13:58:44 - user_interface - ERROR - menu - Error: incorrect id entered.
28-01-2023 13:59:07 - user_interface - INFO - menu - Start program
28-01-2023 13:59:22 - user_interface - ERROR - menu - Error: wrong main menu selection
28-01-2023 13:59:52 - user_interface - INFO - menu - Start program
28-01-2023 13:59:57 - user_interface - ERROR - menu - Error: incorrect id entered.
28-01-2023 14:00:54 - user_interface - INFO - menu - Start program
28-01-2023 14:01:19 - user_interface - ERROR - menu - Error: incorrect id entered.
28-01-2023 14:01:58 - user_interface - ERROR - menu - Error: incorrect id entered.
28-01-2023 14:02:07 - user_interface - INFO - menu - Stop program
28-01-2023 14:02:43 - user_interface - INFO - menu - Start program
28-01-2023 14:02:50 - user_interface - ERROR - menu - Error: incorrect id entered.
28-01-2023 14:03:05 - user_interface - INFO - menu - Stop program
28-01-2023 14:08:38 - user_interface - INFO - menu - Start program
28-01-2023 14:09:40 - user_interface - INFO - menu - Start program
28-01-2023 14:10:05 - user_interface - ERROR - menu - Error: incorrect id entered.
28-01-2023 14:16:27 - user_interface - INFO - menu - Start program
28-01-2023 14:16:52 - user_interface - ERROR - menu - Error: incorrect id entered.
28-01-2023 14:23:44 - user_interface - INFO - menu - Stop program
28-01-2023 14:25:08 - user_interface - INFO - menu - Start program
28-01-2023 14:27:27 - user_interface - ERROR - menu - Error: incorrect id entered.
28-01-2023 14:27:38 - user_interface - ERROR - menu - Error: wrong submenu selection
28-01-2023 14:30:58 - user_interface - INFO - menu - Start program
28-01-2023 14:32:18 - user_interface - ERROR - menu - Error: wrong submenu selection
28-01-2023 14:33:28 - user_interface - ERROR - menu - Error: incorrect id entered.
28-01-2023 14:33:39 - user_interface - ERROR - menu - Error: incorrect id entered.
28-01-2023 14:34:17 - user_interface - ERROR - menu - Error: incorrect id entered.
28-01-2023 14:34:26 - user_interface - INFO - menu - Stop program
28-01-2023 14:35:52 - user_interface - INFO - menu - Start program
28-01-2023 14:38:17 - user_interface - INFO - menu - Stop program
28-01-2023 14:38:21 - user_interface - INFO - menu - Start program
28-01-2023 14:40:47 - user_interface - INFO - menu - Start program
28-01-2023 14:41:05 - user_interface - ERROR - menu - Error: incorrect id entered.
28-01-2023 14:41:41 - user_interface - INFO - menu - Start program
28-01-2023 14:42:25 - user_interface - INFO - menu - Start program
28-01-2023 14:45:50 - user_interface - INFO - menu - Stop program
28-01-2023 14:45:54 - user_interface - INFO - menu - Start program
28-01-2023 14:47:55 - user_interface - INFO - menu - Start program
28-01-2023 14:48:36 - user_interface - INFO - menu - Start program
28-01-2023 14:49:30 - user_interface - INFO - menu - Start program
28-01-2023 14:49:35 - user_interface - ERROR - menu - Error: incorrect id entered.
28-01-2023 14:49:48 - user_interface - INFO - menu - Stop program
